#
# There is insufficient memory for the Java Runtime Environment to continue.
# Native memory allocation (malloc) failed to allocate 32744 bytes for Chunk::new
# Possible reasons:
#   The system is out of physical RAM or swap space
#   The process is running with CompressedOops enabled, and the Java Heap may be blocking the growth of the native heap
# Possible solutions:
#   Reduce memory load on the system
#   Increase physical memory or swap space
#   Check if swap backing store is full
#   Decrease Java heap size (-Xmx/-Xms)
#   Decrease number of Java threads
#   Decrease Java thread stack sizes (-Xss)
#   Set larger code cache with -XX:ReservedCodeCacheSize=
#   JVM is running with Zero Based Compressed Oops mode in which the Java heap is
#     placed in the first 32GB address space. The Java Heap base address is the
#     maximum limit for the native heap growth. Please use -XX:HeapBaseMinAddress
#     to set the Java Heap base and to place the Java Heap above 32GB virtual address.
# This output file may be truncated or incomplete.
#
#  Out of Memory Error (arena.cpp:168), pid=33944, tid=27048
#
# JRE version: OpenJDK Runtime Environment (21.0.2+13) (build 21.0.2+13-58)
# Java VM: OpenJDK 64-Bit Server VM (21.0.2+13-58, mixed mode, sharing, tiered, compressed oops, compressed class ptrs, g1 gc, windows-amd64)
# No core dump will be written. Minidumps are not enabled by default on client versions of Windows
#

---------------  S U M M A R Y ------------

Command Line: -javaagent:D:\IntelliJ IDEA Community Edition 2024.3.1.1\lib\idea_rt.jar=63601:D:\IntelliJ IDEA Community Edition 2024.3.1.1\bin -Dfile.encoding=UTF-8 -Dsun.stdout.encoding=UTF-8 -Dsun.stderr.encoding=UTF-8 delta.OrderDataGenerator

Host: AMD Ryzen 5 4600H with Radeon Graphics         , 12 cores, 15G,  Windows 10 , 64 bit Build 19041 (10.0.19041.1023)
Time: Sun Mar  2 02:46:59 2025 RTZ 2 (s 10 , 64 bit Build 19041 (10.0.19041.1023) elapsed time: 0.828613 seconds (0d 0h 0m 0s)

---------------  T H R E A D  ---------------

Current thread (0x00000187b060dc10):  JavaThread "C1 CompilerThread0" daemon [_thread_in_native, id=27048, stack(0x0000003117500000,0x0000003117600000) (1024K)]


Current CompileTask:
C1:    828  720       3       java.net.URLStreamHandler::parseURL (1124 bytes)

Stack: [0x0000003117500000,0x0000003117600000]
Native frames: (J=compiled Java code, j=interpreted, Vv=VM code, C=native code)
V  [jvm.dll+0x6cade9]
V  [jvm.dll+0x8569c1]
V  [jvm.dll+0x858d2e]
V  [jvm.dll+0x859413]
V  [jvm.dll+0x280e56]
V  [jvm.dll+0xc3f3d]
V  [jvm.dll+0xc4473]
V  [jvm.dll+0x13f0de]
V  [jvm.dll+0x13e477]
V  [jvm.dll+0x19ab5b]
V  [jvm.dll+0x19b136]
V  [jvm.dll+0x154953]
V  [jvm.dll+0x154208]
V  [jvm.dll+0x154444]
V  [jvm.dll+0x153886]
V  [jvm.dll+0x1555ed]
V  [jvm.dll+0x258859]
V  [jvm.dll+0x256e3a]
V  [jvm.dll+0x3ef6c6]
V  [jvm.dll+0x7ff568]
V  [jvm.dll+0x6c953d]
C  [ucrtbase.dll+0x21bb2]
C  [KERNEL32.DLL+0x17034]
C  [ntdll.dll+0x52651]


---------------  P R O C E S S  ---------------

Threads class SMR info:
_java_thread_list=0x00000187f62408e0, length=13, elements={
0x000001878f288f70, 0x00000187b05f8fe0, 0x00000187b05fa650, 0x00000187b05fcdf0,
0x00000187b05fda00, 0x00000187b0600690, 0x00000187b0600d20, 0x00000187b0607ec0,
0x00000187b060dc10, 0x00000187b06013b0, 0x00000187b0982af0, 0x00000187b0601a40,
0x00000187b05fec50
}

Java Threads: ( => current thread )
  0x000001878f288f70 JavaThread "main"                              [_thread_in_vm, id=36188, stack(0x0000003116600000,0x0000003116700000) (1024K)]
  0x00000187b05f8fe0 JavaThread "Reference Handler"          daemon [_thread_blocked, id=2592, stack(0x0000003116e00000,0x0000003116f00000) (1024K)]
  0x00000187b05fa650 JavaThread "Finalizer"                  daemon [_thread_blocked, id=22564, stack(0x0000003116f00000,0x0000003117000000) (1024K)]
  0x00000187b05fcdf0 JavaThread "Signal Dispatcher"          daemon [_thread_blocked, id=33076, stack(0x0000003117000000,0x0000003117100000) (1024K)]
  0x00000187b05fda00 JavaThread "Attach Listener"            daemon [_thread_blocked, id=7600, stack(0x0000003117100000,0x0000003117200000) (1024K)]
  0x00000187b0600690 JavaThread "Service Thread"             daemon [_thread_blocked, id=31936, stack(0x0000003117200000,0x0000003117300000) (1024K)]
  0x00000187b0600d20 JavaThread "Monitor Deflation Thread"   daemon [_thread_blocked, id=32988, stack(0x0000003117300000,0x0000003117400000) (1024K)]
  0x00000187b0607ec0 JavaThread "C2 CompilerThread0"         daemon [_thread_in_native, id=30332, stack(0x0000003117400000,0x0000003117500000) (1024K)]
=>0x00000187b060dc10 JavaThread "C1 CompilerThread0"         daemon [_thread_in_native, id=27048, stack(0x0000003117500000,0x0000003117600000) (1024K)]
  0x00000187b06013b0 JavaThread "Common-Cleaner"             daemon [_thread_blocked, id=36288, stack(0x0000003117600000,0x0000003117700000) (1024K)]
  0x00000187b0982af0 JavaThread "C2 CompilerThread1"         daemon [_thread_in_native, id=27216, stack(0x0000003117700000,0x0000003117800000) (1024K)]
  0x00000187b0601a40 JavaThread "Monitor Ctrl-Break"         daemon [_thread_in_native, id=37496, stack(0x0000003117800000,0x0000003117900000) (1024K)]
  0x00000187b05fec50 JavaThread "Notification Thread"        daemon [_thread_blocked, id=31844, stack(0x0000003117900000,0x0000003117a00000) (1024K)]
Total: 13

Other Threads:
  0x00000187b05d9bd0 VMThread "VM Thread"                           [id=17820, stack(0x0000003116d00000,0x0000003116e00000) (1024K)]
  0x00000187b05bdb30 WatcherThread "VM Periodic Task Thread"        [id=33292, stack(0x0000003116c00000,0x0000003116d00000) (1024K)]
  0x000001878f3f3a00 WorkerThread "GC Thread#0"                     [id=40884, stack(0x0000003116700000,0x0000003116800000) (1024K)]
  0x000001878f404190 ConcurrentGCThread "G1 Main Marker"            [id=31260, stack(0x0000003116800000,0x0000003116900000) (1024K)]
  0x000001878f405430 WorkerThread "G1 Conc#0"                       [id=10068, stack(0x0000003116900000,0x0000003116a00000) (1024K)]
  0x000001878f45e860 ConcurrentGCThread "G1 Refine#0"               [id=26932, stack(0x0000003116a00000,0x0000003116b00000) (1024K)]
  0x00000187b04912b0 ConcurrentGCThread "G1 Service"                [id=25008, stack(0x0000003116b00000,0x0000003116c00000) (1024K)]
Total: 7

Threads with active compile tasks:
C2 CompilerThread0      852  729   !   4       jdk.internal.loader.URLClassPath$JarLoader::getResource (40 bytes)
C1 CompilerThread0      852  720       3       java.net.URLStreamHandler::parseURL (1124 bytes)
C2 CompilerThread1      852  726       4       java.lang.StringLatin1::inflate (34 bytes)
Total: 3

VM state: not at safepoint (normal execution)

VM Mutex/Monitor currently owned by a thread:  ([mutex/lock_event])
[0x00007ffa8ba5ace8] Metaspace_lock - owner thread: 0x000001878f288f70

Heap address: 0x000000070a000000, size: 3936 MB, Compressed Oops mode: Zero based, Oop shift amount: 3

CDS archive(s) mapped at: [0x00000187b1000000-0x00000187b1c90000-0x00000187b1c90000), size 13172736, SharedBaseAddress: 0x00000187b1000000, ArchiveRelocationMode: 1.
Compressed class space mapped at: 0x00000187b2000000-0x00000187f2000000, reserved size: 1073741824
Narrow klass base: 0x00000187b1000000, Narrow klass shift: 0, Narrow klass range: 0x100000000

GC Precious Log:
 CardTable entry size: 512
 Card Set container configuration: InlinePtr #cards 4 size 8 Array Of Cards #cards 16 size 48 Howl #buckets 8 coarsen threshold 3686 Howl Bitmap #cards 512 size 80 coarsen threshold 460 Card regions per heap region 1 cards per card region 4096
 CPUs: 12 total, 12 available
 Memory: 15741M
 Large Page Support: Disabled
 NUMA Support: Disabled
 Compressed Oops: Enabled (Zero based)
 Heap Region Size: 2M
 Heap Min Capacity: 8M
 Heap Initial Capacity: 246M
 Heap Max Capacity: 3936M
 Pre-touch: Disabled
 Parallel Workers: 10
 Concurrent Workers: 3
 Concurrent Refinement Workers: 10
 Periodic GC: Disabled

Heap:
 garbage-first heap   total 251904K, used 14336K [0x000000070a000000, 0x0000000800000000)
  region size 2048K, 9 young (18432K), 0 survivors (0K)
 Metaspace       used 3797K, committed 3968K, reserved 1114112K
  class space    used 325K, committed 384K, reserved 1048576K

Heap Regions: E=young(eden), S=young(survivor), O=old, HS=humongous(starts), HC=humongous(continues), CS=collection set, F=free, TAMS=top-at-mark-start, PB=parsable bottom
|   0|0x000000070a000000, 0x000000070a000000, 0x000000070a200000|  0%| F|  |TAMS 0x000000070a000000| PB 0x000000070a000000| Untracked 
|   1|0x000000070a200000, 0x000000070a200000, 0x000000070a400000|  0%| F|  |TAMS 0x000000070a200000| PB 0x000000070a200000| Untracked 
|   2|0x000000070a400000, 0x000000070a400000, 0x000000070a600000|  0%| F|  |TAMS 0x000000070a400000| PB 0x000000070a400000| Untracked 
|   3|0x000000070a600000, 0x000000070a600000, 0x000000070a800000|  0%| F|  |TAMS 0x000000070a600000| PB 0x000000070a600000| Untracked 
|   4|0x000000070a800000, 0x000000070a800000, 0x000000070aa00000|  0%| F|  |TAMS 0x000000070a800000| PB 0x000000070a800000| Untracked 
|   5|0x000000070aa00000, 0x000000070aa00000, 0x000000070ac00000|  0%| F|  |TAMS 0x000000070aa00000| PB 0x000000070aa00000| Untracked 
|   6|0x000000070ac00000, 0x000000070ac00000, 0x000000070ae00000|  0%| F|  |TAMS 0x000000070ac00000| PB 0x000000070ac00000| Untracked 
|   7|0x000000070ae00000, 0x000000070ae00000, 0x000000070b000000|  0%| F|  |TAMS 0x000000070ae00000| PB 0x000000070ae00000| Untracked 
|   8|0x000000070b000000, 0x000000070b000000, 0x000000070b200000|  0%| F|  |TAMS 0x000000070b000000| PB 0x000000070b000000| Untracked 
|   9|0x000000070b200000, 0x000000070b200000, 0x000000070b400000|  0%| F|  |TAMS 0x000000070b200000| PB 0x000000070b200000| Untracked 
|  10|0x000000070b400000, 0x000000070b400000, 0x000000070b600000|  0%| F|  |TAMS 0x000000070b400000| PB 0x000000070b400000| Untracked 
|  11|0x000000070b600000, 0x000000070b600000, 0x000000070b800000|  0%| F|  |TAMS 0x000000070b600000| PB 0x000000070b600000| Untracked 
|  12|0x000000070b800000, 0x000000070b800000, 0x000000070ba00000|  0%| F|  |TAMS 0x000000070b800000| PB 0x000000070b800000| Untracked 
|  13|0x000000070ba00000, 0x000000070ba00000, 0x000000070bc00000|  0%| F|  |TAMS 0x000000070ba00000| PB 0x000000070ba00000| Untracked 
|  14|0x000000070bc00000, 0x000000070bc00000, 0x000000070be00000|  0%| F|  |TAMS 0x000000070bc00000| PB 0x000000070bc00000| Untracked 
|  15|0x000000070be00000, 0x000000070be00000, 0x000000070c000000|  0%| F|  |TAMS 0x000000070be00000| PB 0x000000070be00000| Untracked 
|  16|0x000000070c000000, 0x000000070c000000, 0x000000070c200000|  0%| F|  |TAMS 0x000000070c000000| PB 0x000000070c000000| Untracked 
|  17|0x000000070c200000, 0x000000070c200000, 0x000000070c400000|  0%| F|  |TAMS 0x000000070c200000| PB 0x000000070c200000| Untracked 
|  18|0x000000070c400000, 0x000000070c400000, 0x000000070c600000|  0%| F|  |TAMS 0x000000070c400000| PB 0x000000070c400000| Untracked 
|  19|0x000000070c600000, 0x000000070c600000, 0x000000070c800000|  0%| F|  |TAMS 0x000000070c600000| PB 0x000000070c600000| Untracked 
|  20|0x000000070c800000, 0x000000070c800000, 0x000000070ca00000|  0%| F|  |TAMS 0x000000070c800000| PB 0x000000070c800000| Untracked 
|  21|0x000000070ca00000, 0x000000070ca00000, 0x000000070cc00000|  0%| F|  |TAMS 0x000000070ca00000| PB 0x000000070ca00000| Untracked 
|  22|0x000000070cc00000, 0x000000070cc00000, 0x000000070ce00000|  0%| F|  |TAMS 0x000000070cc00000| PB 0x000000070cc00000| Untracked 
|  23|0x000000070ce00000, 0x000000070ce00000, 0x000000070d000000|  0%| F|  |TAMS 0x000000070ce00000| PB 0x000000070ce00000| Untracked 
|  24|0x000000070d000000, 0x000000070d000000, 0x000000070d200000|  0%| F|  |TAMS 0x000000070d000000| PB 0x000000070d000000| Untracked 
|  25|0x000000070d200000, 0x000000070d200000, 0x000000070d400000|  0%| F|  |TAMS 0x000000070d200000| PB 0x000000070d200000| Untracked 
|  26|0x000000070d400000, 0x000000070d400000, 0x000000070d600000|  0%| F|  |TAMS 0x000000070d400000| PB 0x000000070d400000| Untracked 
|  27|0x000000070d600000, 0x000000070d600000, 0x000000070d800000|  0%| F|  |TAMS 0x000000070d600000| PB 0x000000070d600000| Untracked 
|  28|0x000000070d800000, 0x000000070d800000, 0x000000070da00000|  0%| F|  |TAMS 0x000000070d800000| PB 0x000000070d800000| Untracked 
|  29|0x000000070da00000, 0x000000070da00000, 0x000000070dc00000|  0%| F|  |TAMS 0x000000070da00000| PB 0x000000070da00000| Untracked 
|  30|0x000000070dc00000, 0x000000070dc00000, 0x000000070de00000|  0%| F|  |TAMS 0x000000070dc00000| PB 0x000000070dc00000| Untracked 
|  31|0x000000070de00000, 0x000000070de00000, 0x000000070e000000|  0%| F|  |TAMS 0x000000070de00000| PB 0x000000070de00000| Untracked 
|  32|0x000000070e000000, 0x000000070e000000, 0x000000070e200000|  0%| F|  |TAMS 0x000000070e000000| PB 0x000000070e000000| Untracked 
|  33|0x000000070e200000, 0x000000070e200000, 0x000000070e400000|  0%| F|  |TAMS 0x000000070e200000| PB 0x000000070e200000| Untracked 
|  34|0x000000070e400000, 0x000000070e400000, 0x000000070e600000|  0%| F|  |TAMS 0x000000070e400000| PB 0x000000070e400000| Untracked 
|  35|0x000000070e600000, 0x000000070e600000, 0x000000070e800000|  0%| F|  |TAMS 0x000000070e600000| PB 0x000000070e600000| Untracked 
|  36|0x000000070e800000, 0x000000070e800000, 0x000000070ea00000|  0%| F|  |TAMS 0x000000070e800000| PB 0x000000070e800000| Untracked 
|  37|0x000000070ea00000, 0x000000070ea00000, 0x000000070ec00000|  0%| F|  |TAMS 0x000000070ea00000| PB 0x000000070ea00000| Untracked 
|  38|0x000000070ec00000, 0x000000070ec00000, 0x000000070ee00000|  0%| F|  |TAMS 0x000000070ec00000| PB 0x000000070ec00000| Untracked 
|  39|0x000000070ee00000, 0x000000070ee00000, 0x000000070f000000|  0%| F|  |TAMS 0x000000070ee00000| PB 0x000000070ee00000| Untracked 
|  40|0x000000070f000000, 0x000000070f000000, 0x000000070f200000|  0%| F|  |TAMS 0x000000070f000000| PB 0x000000070f000000| Untracked 
|  41|0x000000070f200000, 0x000000070f200000, 0x000000070f400000|  0%| F|  |TAMS 0x000000070f200000| PB 0x000000070f200000| Untracked 
|  42|0x000000070f400000, 0x000000070f400000, 0x000000070f600000|  0%| F|  |TAMS 0x000000070f400000| PB 0x000000070f400000| Untracked 
|  43|0x000000070f600000, 0x000000070f600000, 0x000000070f800000|  0%| F|  |TAMS 0x000000070f600000| PB 0x000000070f600000| Untracked 
|  44|0x000000070f800000, 0x000000070f800000, 0x000000070fa00000|  0%| F|  |TAMS 0x000000070f800000| PB 0x000000070f800000| Untracked 
|  45|0x000000070fa00000, 0x000000070fa00000, 0x000000070fc00000|  0%| F|  |TAMS 0x000000070fa00000| PB 0x000000070fa00000| Untracked 
|  46|0x000000070fc00000, 0x000000070fc00000, 0x000000070fe00000|  0%| F|  |TAMS 0x000000070fc00000| PB 0x000000070fc00000| Untracked 
|  47|0x000000070fe00000, 0x000000070fe00000, 0x0000000710000000|  0%| F|  |TAMS 0x000000070fe00000| PB 0x000000070fe00000| Untracked 
|  48|0x0000000710000000, 0x0000000710000000, 0x0000000710200000|  0%| F|  |TAMS 0x0000000710000000| PB 0x0000000710000000| Untracked 
|  49|0x0000000710200000, 0x0000000710200000, 0x0000000710400000|  0%| F|  |TAMS 0x0000000710200000| PB 0x0000000710200000| Untracked 
|  50|0x0000000710400000, 0x0000000710400000, 0x0000000710600000|  0%| F|  |TAMS 0x0000000710400000| PB 0x0000000710400000| Untracked 
|  51|0x0000000710600000, 0x0000000710600000, 0x0000000710800000|  0%| F|  |TAMS 0x0000000710600000| PB 0x0000000710600000| Untracked 
|  52|0x0000000710800000, 0x0000000710800000, 0x0000000710a00000|  0%| F|  |TAMS 0x0000000710800000| PB 0x0000000710800000| Untracked 
|  53|0x0000000710a00000, 0x0000000710a00000, 0x0000000710c00000|  0%| F|  |TAMS 0x0000000710a00000| PB 0x0000000710a00000| Untracked 
|  54|0x0000000710c00000, 0x0000000710c00000, 0x0000000710e00000|  0%| F|  |TAMS 0x0000000710c00000| PB 0x0000000710c00000| Untracked 
|  55|0x0000000710e00000, 0x0000000710e00000, 0x0000000711000000|  0%| F|  |TAMS 0x0000000710e00000| PB 0x0000000710e00000| Untracked 
|  56|0x0000000711000000, 0x0000000711000000, 0x0000000711200000|  0%| F|  |TAMS 0x0000000711000000| PB 0x0000000711000000| Untracked 
|  57|0x0000000711200000, 0x0000000711200000, 0x0000000711400000|  0%| F|  |TAMS 0x0000000711200000| PB 0x0000000711200000| Untracked 
|  58|0x0000000711400000, 0x0000000711400000, 0x0000000711600000|  0%| F|  |TAMS 0x0000000711400000| PB 0x0000000711400000| Untracked 
|  59|0x0000000711600000, 0x0000000711600000, 0x0000000711800000|  0%| F|  |TAMS 0x0000000711600000| PB 0x0000000711600000| Untracked 
|  60|0x0000000711800000, 0x0000000711800000, 0x0000000711a00000|  0%| F|  |TAMS 0x0000000711800000| PB 0x0000000711800000| Untracked 
|  61|0x0000000711a00000, 0x0000000711a00000, 0x0000000711c00000|  0%| F|  |TAMS 0x0000000711a00000| PB 0x0000000711a00000| Untracked 
|  62|0x0000000711c00000, 0x0000000711c00000, 0x0000000711e00000|  0%| F|  |TAMS 0x0000000711c00000| PB 0x0000000711c00000| Untracked 
|  63|0x0000000711e00000, 0x0000000711e00000, 0x0000000712000000|  0%| F|  |TAMS 0x0000000711e00000| PB 0x0000000711e00000| Untracked 
|  64|0x0000000712000000, 0x0000000712000000, 0x0000000712200000|  0%| F|  |TAMS 0x0000000712000000| PB 0x0000000712000000| Untracked 
|  65|0x0000000712200000, 0x0000000712200000, 0x0000000712400000|  0%| F|  |TAMS 0x0000000712200000| PB 0x0000000712200000| Untracked 
|  66|0x0000000712400000, 0x0000000712400000, 0x0000000712600000|  0%| F|  |TAMS 0x0000000712400000| PB 0x0000000712400000| Untracked 
|  67|0x0000000712600000, 0x0000000712600000, 0x0000000712800000|  0%| F|  |TAMS 0x0000000712600000| PB 0x0000000712600000| Untracked 
|  68|0x0000000712800000, 0x0000000712800000, 0x0000000712a00000|  0%| F|  |TAMS 0x0000000712800000| PB 0x0000000712800000| Untracked 
|  69|0x0000000712a00000, 0x0000000712a00000, 0x0000000712c00000|  0%| F|  |TAMS 0x0000000712a00000| PB 0x0000000712a00000| Untracked 
|  70|0x0000000712c00000, 0x0000000712c00000, 0x0000000712e00000|  0%| F|  |TAMS 0x0000000712c00000| PB 0x0000000712c00000| Untracked 
|  71|0x0000000712e00000, 0x0000000712e00000, 0x0000000713000000|  0%| F|  |TAMS 0x0000000712e00000| PB 0x0000000712e00000| Untracked 
|  72|0x0000000713000000, 0x0000000713000000, 0x0000000713200000|  0%| F|  |TAMS 0x0000000713000000| PB 0x0000000713000000| Untracked 
|  73|0x0000000713200000, 0x0000000713200000, 0x0000000713400000|  0%| F|  |TAMS 0x0000000713200000| PB 0x0000000713200000| Untracked 
|  74|0x0000000713400000, 0x0000000713400000, 0x0000000713600000|  0%| F|  |TAMS 0x0000000713400000| PB 0x0000000713400000| Untracked 
|  75|0x0000000713600000, 0x0000000713600000, 0x0000000713800000|  0%| F|  |TAMS 0x0000000713600000| PB 0x0000000713600000| Untracked 
|  76|0x0000000713800000, 0x0000000713800000, 0x0000000713a00000|  0%| F|  |TAMS 0x0000000713800000| PB 0x0000000713800000| Untracked 
|  77|0x0000000713a00000, 0x0000000713a00000, 0x0000000713c00000|  0%| F|  |TAMS 0x0000000713a00000| PB 0x0000000713a00000| Untracked 
|  78|0x0000000713c00000, 0x0000000713c00000, 0x0000000713e00000|  0%| F|  |TAMS 0x0000000713c00000| PB 0x0000000713c00000| Untracked 
|  79|0x0000000713e00000, 0x0000000713e00000, 0x0000000714000000|  0%| F|  |TAMS 0x0000000713e00000| PB 0x0000000713e00000| Untracked 
|  80|0x0000000714000000, 0x0000000714000000, 0x0000000714200000|  0%| F|  |TAMS 0x0000000714000000| PB 0x0000000714000000| Untracked 
|  81|0x0000000714200000, 0x0000000714200000, 0x0000000714400000|  0%| F|  |TAMS 0x0000000714200000| PB 0x0000000714200000| Untracked 
|  82|0x0000000714400000, 0x0000000714400000, 0x0000000714600000|  0%| F|  |TAMS 0x0000000714400000| PB 0x0000000714400000| Untracked 
|  83|0x0000000714600000, 0x0000000714600000, 0x0000000714800000|  0%| F|  |TAMS 0x0000000714600000| PB 0x0000000714600000| Untracked 
|  84|0x0000000714800000, 0x0000000714800000, 0x0000000714a00000|  0%| F|  |TAMS 0x0000000714800000| PB 0x0000000714800000| Untracked 
|  85|0x0000000714a00000, 0x0000000714a00000, 0x0000000714c00000|  0%| F|  |TAMS 0x0000000714a00000| PB 0x0000000714a00000| Untracked 
|  86|0x0000000714c00000, 0x0000000714c00000, 0x0000000714e00000|  0%| F|  |TAMS 0x0000000714c00000| PB 0x0000000714c00000| Untracked 
|  87|0x0000000714e00000, 0x0000000714e00000, 0x0000000715000000|  0%| F|  |TAMS 0x0000000714e00000| PB 0x0000000714e00000| Untracked 
|  88|0x0000000715000000, 0x0000000715000000, 0x0000000715200000|  0%| F|  |TAMS 0x0000000715000000| PB 0x0000000715000000| Untracked 
|  89|0x0000000715200000, 0x0000000715200000, 0x0000000715400000|  0%| F|  |TAMS 0x0000000715200000| PB 0x0000000715200000| Untracked 
|  90|0x0000000715400000, 0x0000000715400000, 0x0000000715600000|  0%| F|  |TAMS 0x0000000715400000| PB 0x0000000715400000| Untracked 
|  91|0x0000000715600000, 0x0000000715600000, 0x0000000715800000|  0%| F|  |TAMS 0x0000000715600000| PB 0x0000000715600000| Untracked 
|  92|0x0000000715800000, 0x0000000715800000, 0x0000000715a00000|  0%| F|  |TAMS 0x0000000715800000| PB 0x0000000715800000| Untracked 
|  93|0x0000000715a00000, 0x0000000715a00000, 0x0000000715c00000|  0%| F|  |TAMS 0x0000000715a00000| PB 0x0000000715a00000| Untracked 
|  94|0x0000000715c00000, 0x0000000715c00000, 0x0000000715e00000|  0%| F|  |TAMS 0x0000000715c00000| PB 0x0000000715c00000| Untracked 
|  95|0x0000000715e00000, 0x0000000715e00000, 0x0000000716000000|  0%| F|  |TAMS 0x0000000715e00000| PB 0x0000000715e00000| Untracked 
|  96|0x0000000716000000, 0x0000000716000000, 0x0000000716200000|  0%| F|  |TAMS 0x0000000716000000| PB 0x0000000716000000| Untracked 
|  97|0x0000000716200000, 0x0000000716200000, 0x0000000716400000|  0%| F|  |TAMS 0x0000000716200000| PB 0x0000000716200000| Untracked 
|  98|0x0000000716400000, 0x0000000716400000, 0x0000000716600000|  0%| F|  |TAMS 0x0000000716400000| PB 0x0000000716400000| Untracked 
|  99|0x0000000716600000, 0x0000000716600000, 0x0000000716800000|  0%| F|  |TAMS 0x0000000716600000| PB 0x0000000716600000| Untracked 
| 100|0x0000000716800000, 0x0000000716800000, 0x0000000716a00000|  0%| F|  |TAMS 0x0000000716800000| PB 0x0000000716800000| Untracked 
| 101|0x0000000716a00000, 0x0000000716a00000, 0x0000000716c00000|  0%| F|  |TAMS 0x0000000716a00000| PB 0x0000000716a00000| Untracked 
| 102|0x0000000716c00000, 0x0000000716c00000, 0x0000000716e00000|  0%| F|  |TAMS 0x0000000716c00000| PB 0x0000000716c00000| Untracked 
| 103|0x0000000716e00000, 0x0000000716e00000, 0x0000000717000000|  0%| F|  |TAMS 0x0000000716e00000| PB 0x0000000716e00000| Untracked 
| 104|0x0000000717000000, 0x0000000717000000, 0x0000000717200000|  0%| F|  |TAMS 0x0000000717000000| PB 0x0000000717000000| Untracked 
| 105|0x0000000717200000, 0x0000000717200000, 0x0000000717400000|  0%| F|  |TAMS 0x0000000717200000| PB 0x0000000717200000| Untracked 
| 106|0x0000000717400000, 0x0000000717400000, 0x0000000717600000|  0%| F|  |TAMS 0x0000000717400000| PB 0x0000000717400000| Untracked 
| 107|0x0000000717600000, 0x0000000717600000, 0x0000000717800000|  0%| F|  |TAMS 0x0000000717600000| PB 0x0000000717600000| Untracked 
| 108|0x0000000717800000, 0x0000000717800000, 0x0000000717a00000|  0%| F|  |TAMS 0x0000000717800000| PB 0x0000000717800000| Untracked 
| 109|0x0000000717a00000, 0x0000000717a00000, 0x0000000717c00000|  0%| F|  |TAMS 0x0000000717a00000| PB 0x0000000717a00000| Untracked 
| 110|0x0000000717c00000, 0x0000000717c00000, 0x0000000717e00000|  0%| F|  |TAMS 0x0000000717c00000| PB 0x0000000717c00000| Untracked 
| 111|0x0000000717e00000, 0x0000000717e00000, 0x0000000718000000|  0%| F|  |TAMS 0x0000000717e00000| PB 0x0000000717e00000| Untracked 
| 112|0x0000000718000000, 0x0000000718000000, 0x0000000718200000|  0%| F|  |TAMS 0x0000000718000000| PB 0x0000000718000000| Untracked 
| 113|0x0000000718200000, 0x0000000718200000, 0x0000000718400000|  0%| F|  |TAMS 0x0000000718200000| PB 0x0000000718200000| Untracked 
| 114|0x0000000718400000, 0x00000007185c6060, 0x0000000718600000| 88%| E|  |TAMS 0x0000000718400000| PB 0x0000000718400000| Complete 
| 115|0x0000000718600000, 0x0000000718800000, 0x0000000718800000|100%| E|CS|TAMS 0x0000000718600000| PB 0x0000000718600000| Complete 
| 116|0x0000000718800000, 0x0000000718a00000, 0x0000000718a00000|100%| E|CS|TAMS 0x0000000718800000| PB 0x0000000718800000| Complete 
| 117|0x0000000718a00000, 0x0000000718c00000, 0x0000000718c00000|100%| E|CS|TAMS 0x0000000718a00000| PB 0x0000000718a00000| Complete 
| 118|0x0000000718c00000, 0x0000000718e00000, 0x0000000718e00000|100%| E|CS|TAMS 0x0000000718c00000| PB 0x0000000718c00000| Complete 
| 119|0x0000000718e00000, 0x0000000719000000, 0x0000000719000000|100%| E|CS|TAMS 0x0000000718e00000| PB 0x0000000718e00000| Complete 
| 120|0x0000000719000000, 0x0000000719200000, 0x0000000719200000|100%| E|  |TAMS 0x0000000719000000| PB 0x0000000719000000| Complete 
| 121|0x0000000719200000, 0x0000000719400000, 0x0000000719400000|100%| E|CS|TAMS 0x0000000719200000| PB 0x0000000719200000| Complete 
| 122|0x0000000719400000, 0x0000000719600000, 0x0000000719600000|100%| E|CS|TAMS 0x0000000719400000| PB 0x0000000719400000| Complete 

Card table byte_map: [0x00000187a9400000,0x00000187a9bb0000] _byte_map_base: 0x00000187a5bb0000

Marking Bits: (CMBitMap*) 0x000001878f3f4100
 Bits: [0x00000187a9bb0000, 0x00000187ad930000)

Polling page: 0x0000018798fa0000

Metaspace:

Usage:
  Non-class:      3.39 MB used.
      Class:    325.73 KB used.
       Both:      3.71 MB used.

Virtual space:
  Non-class space:       64.00 MB reserved,       3.50 MB (  5%) committed,  1 nodes.
      Class space:        1.00 GB reserved,     384.00 KB ( <1%) committed,  1 nodes.
             Both:        1.06 GB reserved,       3.88 MB ( <1%) committed. 

Chunk freelists:
   Non-Class:  9.78 MB
       Class:  15.48 MB
        Both:  25.27 MB

MaxMetaspaceSize: unlimited
CompressedClassSpaceSize: 1.00 GB
Initial GC threshold: 21.00 MB
Current GC threshold: 21.00 MB
CDS: on
 - commit_granule_bytes: 65536.
 - commit_granule_words: 8192.
 - virtual_space_node_default_size: 8388608.
 - enlarge_chunks_in_place: 1.
 - use_allocation_guard: 0.


Internal statistics:

num_allocs_failed_limit: 0.
num_arena_births: 26.
num_arena_deaths: 0.
num_vsnodes_births: 2.
num_vsnodes_deaths: 0.
num_space_committed: 62.
num_space_uncommitted: 0.
num_chunks_returned_to_freelist: 0.
num_chunks_taken_from_freelist: 116.
num_chunk_merges: 0.
num_chunk_splits: 99.
num_chunks_enlarged: 87.
num_inconsistent_stats: 0.

CodeHeap 'non-profiled nmethods': size=120000Kb used=242Kb max_used=242Kb free=119757Kb
 bounds [0x00000187a0a90000, 0x00000187a0d00000, 0x00000187a7fc0000]
CodeHeap 'profiled nmethods': size=120000Kb used=1183Kb max_used=1183Kb free=118816Kb
 bounds [0x0000018798fc0000, 0x0000018799230000, 0x00000187a04f0000]
CodeHeap 'non-nmethods': size=5760Kb used=1337Kb max_used=1353Kb free=4422Kb
 bounds [0x00000187a04f0000, 0x00000187a0760000, 0x00000187a0a90000]
 total_blobs=1168 nmethods=722 adapters=351
 compilation: enabled
              stopped_count=0, restarted_count=0
 full_count=0

Compilation events (20 events):
Event: 0.797 Thread 0x00000187b060dc10 nmethod 711 0x00000187990e0090 code [0x00000187990e0420, 0x00000187990e17e8]
Event: 0.803 Thread 0x00000187b060dc10  713       3       java.io.WinNTFileSystem::resolve (326 bytes)
Event: 0.806 Thread 0x00000187b060dc10 nmethod 713 0x00000187990e1f90 code [0x00000187990e24c0, 0x00000187990e53a8]
Event: 0.811 Thread 0x00000187b0982af0  714  s!   4       jdk.internal.loader.URLClassPath::getLoader (194 bytes)
Event: 0.811 Thread 0x00000187b060dc10  715       3       java.util.zip.CRC32::updateBytesCheck (35 bytes)
Event: 0.812 Thread 0x00000187b060dc10 nmethod 715 0x00000187990e6490 code [0x00000187990e6660, 0x00000187990e69b8]
Event: 0.813 Thread 0x00000187b0982af0 nmethod 714 0x00000187a0acb610 code [0x00000187a0acb7c0, 0x00000187a0acbb20]
Event: 0.815 Thread 0x00000187b060dc10  716       3       java.lang.String::contains (19 bytes)
Event: 0.815 Thread 0x00000187b060dc10 nmethod 716 0x00000187990e6b90 code [0x00000187990e6d60, 0x00000187990e6fd0]
Event: 0.815 Thread 0x00000187b060dc10  717       3       java.lang.Thread::interrupted (7 bytes)
Event: 0.815 Thread 0x00000187b060dc10 nmethod 717 0x00000187990e7090 code [0x00000187990e7240, 0x00000187990e74a8]
Event: 0.815 Thread 0x00000187b060dc10  718       3       java.lang.Thread::getAndClearInterrupt (19 bytes)
Event: 0.815 Thread 0x00000187b060dc10 nmethod 718 0x00000187990e7590 code [0x00000187990e7740, 0x00000187990e78c8]
Event: 0.815 Thread 0x00000187b060dc10  719       3       sun.net.www.protocol.file.Handler::parseURL (18 bytes)
Event: 0.816 Thread 0x00000187b060dc10 nmethod 719 0x00000187990e7990 code [0x00000187990e7b40, 0x00000187990e7d00]
Event: 0.816 Thread 0x00000187b060dc10  720       3       java.net.URLStreamHandler::parseURL (1124 bytes)
Event: 0.816 Thread 0x00000187b0982af0  723   !   4       jdk.internal.loader.URLClassPath$JarLoader::ensureOpen (36 bytes)
Event: 0.817 Thread 0x00000187b0982af0 nmethod 723 0x00000187a0acbd90 code [0x00000187a0acbf20, 0x00000187a0acbfc8]
Event: 0.825 Thread 0x00000187b0607ec0  725       4       java.lang.String::startsWith (123 bytes)
Event: 0.825 Thread 0x00000187b0982af0  726       4       java.lang.StringLatin1::inflate (34 bytes)

GC Heap History (0 events):
No events

Dll operation events (10 events):
Event: 0.020 Loaded shared library C:\Users\user\.jdks\openjdk-21.0.2\bin\java.dll
Event: 0.080 Loaded shared library C:\Users\user\.jdks\openjdk-21.0.2\bin\jsvml.dll
Event: 0.235 Loaded shared library C:\Users\user\.jdks\openjdk-21.0.2\bin\zip.dll
Event: 0.242 Loaded shared library C:\Users\user\.jdks\openjdk-21.0.2\bin\instrument.dll
Event: 0.252 Loaded shared library C:\Users\user\.jdks\openjdk-21.0.2\bin\net.dll
Event: 0.255 Loaded shared library C:\Users\user\.jdks\openjdk-21.0.2\bin\nio.dll
Event: 0.260 Loaded shared library C:\Users\user\.jdks\openjdk-21.0.2\bin\zip.dll
Event: 0.405 Loaded shared library D:\IntelliJ IDEA Community Edition 2024.3.1.1\bin\breakgen64.dll
Event: 0.420 Loaded shared library C:\Users\user\.jdks\openjdk-21.0.2\bin\extnet.dll
Event: 0.665 Loaded shared library C:\Users\user\.jdks\openjdk-21.0.2\bin\jimage.dll

Deoptimization events (20 events):
Event: 0.694 Thread 0x000001878f288f70 DEOPT PACKING pc=0x00000187a0abe99c sp=0x00000031166fd4f0
Event: 0.694 Thread 0x000001878f288f70 DEOPT UNPACKING pc=0x00000187a05446a2 sp=0x00000031166fd4d0 mode 2
Event: 0.700 Thread 0x000001878f288f70 Uncommon trap: trap_request=0xffffff45 fr.pc=0x00000187a0aa8dfc relative=0x000000000000049c
Event: 0.700 Thread 0x000001878f288f70 Uncommon trap: reason=unstable_if action=reinterpret pc=0x00000187a0aa8dfc method=java.lang.StringLatin1.canEncode(I)Z @ 4 c2
Event: 0.700 Thread 0x000001878f288f70 DEOPT PACKING pc=0x00000187a0aa8dfc sp=0x00000031166fdb20
Event: 0.700 Thread 0x000001878f288f70 DEOPT UNPACKING pc=0x00000187a05446a2 sp=0x00000031166fda58 mode 2
Event: 0.700 Thread 0x000001878f288f70 Uncommon trap: trap_request=0xffffff45 fr.pc=0x00000187a0aac6e4 relative=0x0000000000000484
Event: 0.700 Thread 0x000001878f288f70 Uncommon trap: reason=unstable_if action=reinterpret pc=0x00000187a0aac6e4 method=java.lang.AbstractStringBuilder.isLatin1()Z @ 10 c2
Event: 0.700 Thread 0x000001878f288f70 DEOPT PACKING pc=0x00000187a0aac6e4 sp=0x00000031166fdb30
Event: 0.700 Thread 0x000001878f288f70 DEOPT UNPACKING pc=0x00000187a05446a2 sp=0x00000031166fdac0 mode 2
Event: 0.700 Thread 0x000001878f288f70 Uncommon trap: trap_request=0xffffff45 fr.pc=0x00000187a0ab140c relative=0x000000000000006c
Event: 0.700 Thread 0x000001878f288f70 Uncommon trap: reason=unstable_if action=reinterpret pc=0x00000187a0ab140c method=java.lang.AbstractStringBuilder.isLatin1()Z @ 10 c2
Event: 0.700 Thread 0x000001878f288f70 DEOPT PACKING pc=0x00000187a0ab140c sp=0x00000031166fdb30
Event: 0.700 Thread 0x000001878f288f70 DEOPT UNPACKING pc=0x00000187a05446a2 sp=0x00000031166fdac0 mode 2
Event: 0.703 Thread 0x000001878f288f70 Uncommon trap: trap_request=0xffffff45 fr.pc=0x00000187a0a9168c relative=0x000000000000006c
Event: 0.703 Thread 0x000001878f288f70 Uncommon trap: reason=unstable_if action=reinterpret pc=0x00000187a0a9168c method=java.lang.String.isLatin1()Z @ 10 c2
Event: 0.703 Thread 0x000001878f288f70 DEOPT PACKING pc=0x00000187a0a9168c sp=0x00000031166fd7b0
Event: 0.703 Thread 0x000001878f288f70 DEOPT UNPACKING pc=0x00000187a05446a2 sp=0x00000031166fd740 mode 2
Event: 0.751 Thread 0x000001878f288f70 DEOPT PACKING pc=0x000001879903d777 sp=0x00000031166fa9a0
Event: 0.751 Thread 0x000001878f288f70 DEOPT UNPACKING pc=0x00000187a0544e42 sp=0x00000031166f9df0 mode 0

Classes loaded (20 events):
Event: 0.642 Loading class java/lang/invoke/VarHandleReferences$Array
Event: 0.642 Loading class java/lang/invoke/VarHandleReferences$Array done
Event: 0.659 Loading class java/text/ParseException
Event: 0.660 Loading class java/text/ParseException done
Event: 0.662 Loading class sun/util/calendar/ZoneInfoFile$Checksum
Event: 0.662 Loading class sun/util/calendar/ZoneInfoFile$Checksum done
Event: 0.664 Loading class jdk/internal/module/ModulePatcher$PatchedModuleReader
Event: 0.665 Loading class jdk/internal/module/ModulePatcher$PatchedModuleReader done
Event: 0.666 Loading class sun/net/www/protocol/jrt/Handler
Event: 0.666 Loading class sun/net/www/protocol/jrt/Handler done
Event: 0.696 Loading class sun/text/resources/cldr/FormatData_en
Event: 0.697 Loading class sun/text/resources/cldr/FormatData_en done
Event: 0.697 Loading class sun/text/resources/cldr/FormatData_en_US
Event: 0.697 Loading class sun/text/resources/cldr/FormatData_en_US done
Event: 0.713 Loading class java/io/StringReader
Event: 0.713 Loading class java/io/StringReader done
Event: 0.713 Loading class java/io/CharArrayReader
Event: 0.713 Loading class java/io/CharArrayReader done
Event: 0.733 Loading class java/lang/UnsupportedOperationException
Event: 0.733 Loading class java/lang/UnsupportedOperationException done

Classes unloaded (0 events):
No events

Classes redefined (0 events):
No events

Internal exceptions (3 events):
Event: 0.392 Thread 0x000001878f288f70 Exception <a 'java/lang/NoSuchMethodError'{0x0000000718f97608}: 'void java.lang.invoke.DirectMethodHandle$Holder.invokeStatic(java.lang.Object, java.lang.Object, java.lang.Object)'> (0x0000000718f97608) 
thrown [s\open\src\hotspot\share\interpreter\linkResolver.cpp, line 773]
Event: 0.399 Thread 0x000001878f288f70 Exception <a 'java/lang/NoSuchMethodError'{0x0000000718faeb10}: 'java.lang.Object java.lang.invoke.Invokers$Holder.invokeExact_MT(java.lang.Object, java.lang.Object, java.lang.Object, java.lang.Object, java.lang.Object)'> (0x0000000718faeb10) 
thrown [s\open\src\hotspot\share\interpreter\linkResolver.cpp, line 773]
Event: 0.422 Thread 0x00000187b0601a40 Exception <a 'java/lang/NoSuchMethodError'{0x0000000718feb9b8}: 'void java.lang.invoke.DirectMethodHandle$Holder.invokeStatic(java.lang.Object, java.lang.Object)'> (0x0000000718feb9b8) 
thrown [s\open\src\hotspot\share\interpreter\linkResolver.cpp, line 773]

ZGC Phase Switch (0 events):
No events

VM Operations (2 events):
Event: 0.215 Executing VM operation: HandshakeAllThreads (Deoptimize)
Event: 0.215 Executing VM operation: HandshakeAllThreads (Deoptimize) done

Events (13 events):
Event: 0.048 Thread 0x000001878f288f70 Thread added: 0x000001878f288f70
Event: 0.076 Thread 0x00000187b05f8fe0 Thread added: 0x00000187b05f8fe0
Event: 0.076 Thread 0x00000187b05fa650 Thread added: 0x00000187b05fa650
Event: 0.077 Thread 0x00000187b05fcdf0 Thread added: 0x00000187b05fcdf0
Event: 0.077 Thread 0x00000187b05fda00 Thread added: 0x00000187b05fda00
Event: 0.077 Thread 0x00000187b0600690 Thread added: 0x00000187b0600690
Event: 0.077 Thread 0x00000187b0600d20 Thread added: 0x00000187b0600d20
Event: 0.077 Thread 0x00000187b0607ec0 Thread added: 0x00000187b0607ec0
Event: 0.078 Thread 0x00000187b060dc10 Thread added: 0x00000187b060dc10
Event: 0.205 Thread 0x00000187b06013b0 Thread added: 0x00000187b06013b0
Event: 0.313 Thread 0x00000187b0982af0 Thread added: 0x00000187b0982af0
Event: 0.406 Thread 0x00000187b0601a40 Thread added: 0x00000187b0601a40
Event: 0.406 Thread 0x00000187b05fec50 Thread added: 0x00000187b05fec50


Dynamic libraries:
0x00007ff6bb3d0000 - 0x00007ff6bb3de000 	C:\Users\user\.jdks\openjdk-21.0.2\bin\java.exe
0x00007ffb09990000 - 0x00007ffb09b85000 	C:\Windows\SYSTEM32\ntdll.dll
0x00007ffb08e00000 - 0x00007ffb08ebd000 	C:\Windows\System32\KERNEL32.DLL
0x00007ffb070d0000 - 0x00007ffb07398000 	C:\Windows\System32\KERNELBASE.dll
0x00007ffb078b0000 - 0x00007ffb079b0000 	C:\Windows\System32\ucrtbase.dll
0x00007ffb02d50000 - 0x00007ffb02d68000 	C:\Users\user\.jdks\openjdk-21.0.2\bin\jli.dll
0x00007ffb02d30000 - 0x00007ffb02d4b000 	C:\Users\user\.jdks\openjdk-21.0.2\bin\VCRUNTIME140.dll
0x00007ffb09370000 - 0x00007ffb09510000 	C:\Windows\System32\USER32.dll
0x00007ffb07710000 - 0x00007ffb07732000 	C:\Windows\System32\win32u.dll
0x00007ffb081e0000 - 0x00007ffb0820a000 	C:\Windows\System32\GDI32.dll
0x00007ffaf2830000 - 0x00007ffaf2aca000 	C:\Windows\WinSxS\amd64_microsoft.windows.common-controls_6595b64144ccf1df_6.0.19041.1052_none_60b8f8fd71f5e8cb\COMCTL32.dll
0x00007ffb07440000 - 0x00007ffb0754b000 	C:\Windows\System32\gdi32full.dll
0x00007ffb07a60000 - 0x00007ffb07afe000 	C:\Windows\System32\msvcrt.dll
0x00007ffb073a0000 - 0x00007ffb0743d000 	C:\Windows\System32\msvcp_win.dll
0x00007ffb08dd0000 - 0x00007ffb08e00000 	C:\Windows\System32\IMM32.DLL
0x00007ffb02d90000 - 0x00007ffb02d9c000 	C:\Users\user\.jdks\openjdk-21.0.2\bin\vcruntime140_1.dll
0x00007ffaf1f30000 - 0x00007ffaf1fbe000 	C:\Users\user\.jdks\openjdk-21.0.2\bin\msvcp140.dll
0x00007ffa8ae20000 - 0x00007ffa8bb37000 	C:\Users\user\.jdks\openjdk-21.0.2\bin\server\jvm.dll
0x00007ffb09570000 - 0x00007ffb0961c000 	C:\Windows\System32\ADVAPI32.dll
0x00007ffb07f70000 - 0x00007ffb0800b000 	C:\Windows\System32\sechost.dll
0x00007ffb09240000 - 0x00007ffb0936b000 	C:\Windows\System32\RPCRT4.dll
0x00007ffb08a10000 - 0x00007ffb08a7b000 	C:\Windows\System32\WS2_32.dll
0x00007ffb06640000 - 0x00007ffb0668b000 	C:\Windows\SYSTEM32\POWRPROF.dll
0x00007ffafc2e0000 - 0x00007ffafc307000 	C:\Windows\SYSTEM32\WINMM.dll
0x00007ffafe2a0000 - 0x00007ffafe2aa000 	C:\Windows\SYSTEM32\VERSION.dll
0x00007ffb064f0000 - 0x00007ffb06502000 	C:\Windows\SYSTEM32\UMPDC.dll
0x00007ffb04fe0000 - 0x00007ffb04ff2000 	C:\Windows\SYSTEM32\kernel.appcore.dll
0x00007ffb02d10000 - 0x00007ffb02d1a000 	C:\Users\user\.jdks\openjdk-21.0.2\bin\jimage.dll
0x00007ffaf9200000 - 0x00007ffaf93e4000 	C:\Windows\SYSTEM32\DBGHELP.DLL
0x00007ffaee8b0000 - 0x00007ffaee8dc000 	C:\Windows\SYSTEM32\dbgcore.DLL
0x00007ffb07740000 - 0x00007ffb077c3000 	C:\Windows\System32\bcryptPrimitives.dll
0x00007ffb02d00000 - 0x00007ffb02d0f000 	C:\Users\user\.jdks\openjdk-21.0.2\bin\instrument.dll
0x00007ffafe7e0000 - 0x00007ffafe7ff000 	C:\Users\user\.jdks\openjdk-21.0.2\bin\java.dll
0x00007ffb082d0000 - 0x00007ffb08a0f000 	C:\Windows\System32\SHELL32.dll
0x00007ffb051e0000 - 0x00007ffb05970000 	C:\Windows\SYSTEM32\windows.storage.dll
0x00007ffb08ec0000 - 0x00007ffb09215000 	C:\Windows\System32\combase.dll
0x00007ffb06b40000 - 0x00007ffb06b6c000 	C:\Windows\SYSTEM32\Wldp.dll
0x00007ffb08210000 - 0x00007ffb082be000 	C:\Windows\System32\SHCORE.dll
0x00007ffb09510000 - 0x00007ffb09565000 	C:\Windows\System32\shlwapi.dll
0x00007ffb07010000 - 0x00007ffb0702f000 	C:\Windows\SYSTEM32\profapi.dll
0x00007ffae5f00000 - 0x00007ffae5fd7000 	C:\Users\user\.jdks\openjdk-21.0.2\bin\jsvml.dll
0x00007ffaf1ce0000 - 0x00007ffaf1cf8000 	C:\Users\user\.jdks\openjdk-21.0.2\bin\zip.dll
0x00007ffb02cf0000 - 0x00007ffb02d00000 	C:\Users\user\.jdks\openjdk-21.0.2\bin\net.dll
0x00007ffafeea0000 - 0x00007ffafefab000 	C:\Windows\SYSTEM32\WINHTTP.dll
0x00007ffb06860000 - 0x00007ffb068ca000 	C:\Windows\system32\mswsock.dll
0x00007ffafa0a0000 - 0x00007ffafa0b6000 	C:\Users\user\.jdks\openjdk-21.0.2\bin\nio.dll
0x00007ffaef480000 - 0x00007ffaef49a000 	D:\IntelliJ IDEA Community Edition 2024.3.1.1\bin\breakgen64.dll
0x00007ffb01150000 - 0x00007ffb01159000 	C:\Users\user\.jdks\openjdk-21.0.2\bin\extnet.dll

dbghelp: loaded successfully - version: 4.0.5 - missing functions: none
symbol engine: initialized successfully - sym options: 0x614 - pdb path: .;C:\Users\user\.jdks\openjdk-21.0.2\bin;C:\Windows\SYSTEM32;C:\Windows\WinSxS\amd64_microsoft.windows.common-controls_6595b64144ccf1df_6.0.19041.1052_none_60b8f8fd71f5e8cb;C:\Users\user\.jdks\openjdk-21.0.2\bin\server;D:\IntelliJ IDEA Community Edition 2024.3.1.1\bin

VM Arguments:
jvm_args: -javaagent:D:\IntelliJ IDEA Community Edition 2024.3.1.1\lib\idea_rt.jar=63601:D:\IntelliJ IDEA Community Edition 2024.3.1.1\bin -Dfile.encoding=UTF-8 -Dsun.stdout.encoding=UTF-8 -Dsun.stderr.encoding=UTF-8 
java_command: delta.OrderDataGenerator
java_class_path (initial): C:\Users\user\IntellijProj\DataRay095\target\classes;C:\Users\user\.m2\repository\org\springframework\boot\spring-boot-starter\3.2.2\spring-boot-starter-3.2.2.jar;C:\Users\user\.m2\repository\org\springframework\boot\spring-boot\3.2.2\spring-boot-3.2.2.jar;C:\Users\user\.m2\repository\org\springframework\spring-context\6.1.3\spring-context-6.1.3.jar;C:\Users\user\.m2\repository\org\springframework\boot\spring-boot-autoconfigure\3.2.2\spring-boot-autoconfigure-3.2.2.jar;C:\Users\user\.m2\repository\org\springframework\boot\spring-boot-starter-logging\3.2.2\spring-boot-starter-logging-3.2.2.jar;C:\Users\user\.m2\repository\ch\qos\logback\logback-classic\1.4.14\logback-classic-1.4.14.jar;C:\Users\user\.m2\repository\ch\qos\logback\logback-core\1.4.14\logback-core-1.4.14.jar;C:\Users\user\.m2\repository\org\apache\logging\log4j\log4j-to-slf4j\2.21.1\log4j-to-slf4j-2.21.1.jar;C:\Users\user\.m2\repository\org\apache\logging\log4j\log4j-api\2.21.1\log4j-api-2.21.1.jar;C:\Users\user\.m2\repository\org\slf4j\jul-to-slf4j\2.0.11\jul-to-slf4j-2.0.11.jar;C:\Users\user\.m2\repository\jakarta\annotation\jakarta.annotation-api\2.1.1\jakarta.annotation-api-2.1.1.jar;C:\Users\user\.m2\repository\org\springframework\spring-core\6.1.3\spring-core-6.1.3.jar;C:\Users\user\.m2\repository\org\springframework\spring-jcl\6.1.3\spring-jcl-6.1.3.jar;C:\Users\user\.m2\repository\org\yaml\snakeyaml\2.2\snakeyaml-2.2.jar;C:\Users\user\.m2\repository\jakarta\xml\bind\jakarta.xml.bind-api\4.0.1\jakarta.xml.bind-api-4.0.1.jar;C:\Users\user\.m2\repository\jakarta\activation\jakarta.activation-api\2.1.2\jakarta.activation-api-2.1.2.jar;C:\Users\user\.m2\repository\net\bytebuddy\byte-buddy\1.12.21\byte-buddy-1.12.21.jar;C:\Users\user\.m2\repository\org\springframework\boot\spring-boot-starter-web\3.2.2\spring-boot-starter-web-3.2.2.jar;C:\Users\user\.m2\repository\org\springframework\boot\spring-boot-starter-json\3.2.2\spring-boot-starter-json-3.2.2.jar;C:\Users\user\.m2\repository\com\fasterxml\jackson\core\jackson-databind\2.15.3\jackson-databind-2.15.3.jar;C:\Users\user\.m2\repository\com\fasterxml\jackson\core\jackson-annotations\2.15.3\jackson-annotations-2.15.3.jar;C:\Users\user\.m2\repository\com\fasterxml\jackson\core\jackson-core\2.15.3\jackson-core-2.15.3.jar;C:\Users\user\.m2\repository\com\fasterxml\jackson\datatype\jackson-datatype-jdk8\2.15.3\jackson-datatype-jdk8-2.15.3.jar;C:\Users\user\.m2\repository\com\fasterxml\jackson\datatype\jackson-datatype-jsr310\2.15.3\jackson-datatype-jsr310-2.15.3.jar;C:\Users\user\.m2\repository\com\fasterxml\jackson\module\jackson-module-parameter-names\2.15.3\jackson-module-parameter-names-2.15.3.jar;C:\Users\user\.m2\repository\org\springframework\boot\spring-boot-starter-tomcat\3.2.2\spring-boot-starter-tomcat-3.2.2.jar;C:\Users\user\.m2\repository\org\apache\tomcat\embed\tomcat-embed-core\10.1.18\tomcat-embed-core-10.1.18.jar;C:\Users\user\.m2\repository\org\apache\tomcat\embed\tomcat-embed-el\10.1.18\tomcat-embed-el-10.1.18.jar;C:\Users\user\.m2\repository\org\apache\tomcat\embed\tomcat-embed-websocket\10.1.18\tomcat-embed-websocket-10.1.18.jar;C:\Users\user\.m2\repository\org\springframework\spring-web\6.1.3\spring-web-6.1.3.jar;C:\Users\user\.m2\repository\org\springframework\spring-beans\6.1.3\spring-beans-6.1.3.jar;C:\Users\user\.m2\repository\io\micrometer\micrometer-observation\1.12.2\micrometer-observation-1.12.2.jar;C:\Users\user\.m2\repository\io\micrometer\micrometer-commons\1.12.2\micrometer-commons-1.12.2.jar;C:\Users\user\.m2\repository\org\springframework\spring-webmvc\6.1.3\spring-webmvc-6.1.3.jar;C:\Users\user\.m2\repository\org\springframework\spring-aop\6.1.3\spring-aop-6.1.3.jar;C:\Users\user\.m2\repository\org\springframework\spring-expression\6.1.3\spring-expression-6.1.3.jar;C:\Users\user\.m2\repository\org\springframework\boot\spring-boot-starter-data-jpa\3.2.2\spring-boot-starter-data-jpa-3.2.2.jar;C:\Users\user\.m2\repository\org\springframework\boot\spring-boot-starter-aop\3.2.2\spring-boot-starter-aop-3.2.2.jar;C:\Users\user\.m2\repository\org\aspectj\aspectjweaver\1.9.21\aspectjweaver-1.9.21.jar;C:\Users\user\.m2\repository\org\springframework\boot\spring-boot-starter-jdbc\3.2.2\spring-boot-starter-jdbc-3.2.2.jar;C:\Users\user\.m2\repository\com\zaxxer\HikariCP\5.0.1\HikariCP-5.0.1.jar;C:\Users\user\.m2\repository\org\springframework\spring-jdbc\6.1.3\spring-jdbc-6.1.3.jar;C:\Users\user\.m2\repository\org\hibernate\orm\hibernate-core\6.4.1.Final\hibernate-core-6.4.1.Final.jar;C:\Users\user\.m2\repository\jakarta\persistence\jakarta.persistence-api\3.1.0\jakarta.persistence-api-3.1.0.jar;C:\Users\user\.m2\repository\jakarta\transaction\jakarta.transaction-api\2.0.1\jakarta.transaction-api-2.0.1.jar;C:\Users\user\.m2\repository\org\jboss\logging\jboss-logging\3.5.0.Final\jboss-logging-3.5.0.Final.jar;C:\Users\user\.m2\repository\org\hibernate\common\hibernate-commons-annotations\6.0.6.Final\hibernate-commons-annotations-6.0.6.Final.jar;C:\Users\user\.m2\repository\io\smallrye\jandex\3.1.2\jandex-3.1.2.jar;C:\Users\user\.m2\repository\com\fasterxml\classmate\1.5.1\classmate-1.5.1.jar;C:\Users\user\.m2\repository\org\glassfish\jaxb\jaxb-runtime\4.0.2\jaxb-runtime-4.0.2.jar;C:\Users\user\.m2\repository\org\glassfish\jaxb\jaxb-core\4.0.2\jaxb-core-4.0.2.jar;C:\Users\user\.m2\repository\org\eclipse\angus\angus-activation\2.0.0\angus-activation-2.0.0.jar;C:\Users\user\.m2\repository\org\glassfish\jaxb\txw2\4.0.2\txw2-4.0.2.jar;C:\Users\user\.m2\repository\com\sun\istack\istack-commons-runtime\4.1.1\istack-commons-runtime-4.1.1.jar;C:\Users\user\.m2\repository\jakarta\inject\jakarta.inject-api\2.0.1\jakarta.inject-api-2.0.1.jar;C:\Users\user\.m2\repository\org\antlr\antlr4-runtime\4.13.0\antlr4-runtime-4.13.0.jar;C:\Users\user\.m2\repository\org\springframework\data\spring-data-jpa\3.2.2\spring-data-jpa-3.2.2.jar;C:\Users\user\.m2\repository\org\springframework\data\spring-data-commons\3.2.2\spring-data-commons-3.2.2.jar;C:\Users\user\.m2\repository\org\springframework\spring-orm\6.1.3\spring-orm-6.1.3.jar;C:\Users\user\.m2\repository\org\springframework\spring-tx\6.1.3\spring-tx-6.1.3.jar;C:\Users\user\.m2\repository\org\springframework\spring-aspects\6.1.3\spring-aspects-6.1.3.jar;C:\Users\user\.m2\repository\com\google\code\gson\gson\2.10.1\gson-2.10.1.jar;C:\Users\user\.m2\repository\org\slf4j\slf4j-api\2.0.12\slf4j-api-2.0.12.jar;C:\Users\user\.m2\repository\org\jetbrains\annotations\26.0.1\annotations-26.0.1.jar
Launcher Type: SUN_STANDARD

[Global flags]
     intx CICompilerCount                          = 4                                         {product} {ergonomic}
     uint ConcGCThreads                            = 3                                         {product} {ergonomic}
     uint G1ConcRefinementThreads                  = 10                                        {product} {ergonomic}
   size_t G1HeapRegionSize                         = 2097152                                   {product} {ergonomic}
    uintx GCDrainStackTargetSize                   = 64                                        {product} {ergonomic}
   size_t InitialHeapSize                          = 257949696                                 {product} {ergonomic}
   size_t MarkStackSize                            = 4194304                                   {product} {ergonomic}
   size_t MaxHeapSize                              = 4127195136                                {product} {ergonomic}
   size_t MaxNewSize                               = 2474639360                                {product} {ergonomic}
   size_t MinHeapDeltaBytes                        = 2097152                                   {product} {ergonomic}
   size_t MinHeapSize                              = 8388608                                   {product} {ergonomic}
    uintx NonNMethodCodeHeapSize                   = 5839372                                {pd product} {ergonomic}
    uintx NonProfiledCodeHeapSize                  = 122909434                              {pd product} {ergonomic}
    uintx ProfiledCodeHeapSize                     = 122909434                              {pd product} {ergonomic}
    uintx ReservedCodeCacheSize                    = 251658240                              {pd product} {ergonomic}
     bool SegmentedCodeCache                       = true                                      {product} {ergonomic}
   size_t SoftMaxHeapSize                          = 4127195136                             {manageable} {ergonomic}
     bool UseCompressedOops                        = true                           {product lp64_product} {ergonomic}
     bool UseG1GC                                  = true                                      {product} {ergonomic}
     bool UseLargePagesIndividualAllocation        = false                                  {pd product} {ergonomic}

Logging:
Log output configuration:
 #0: stdout all=warning uptime,level,tags foldmultilines=false
 #1: stderr all=off uptime,level,tags foldmultilines=false

Environment Variables:
JAVA_HOME=C:\Program Files\Java\jdk-21
CLASSPATH=C:\Users\user\Desktop\MineMods\RPGClient\lib
PATH=C:\Python313\Scripts\;C:\Python313\;C:\Program Files\Eclipse Adoptium\jre-21.0.6.7-hotspot\bin;C:\Program Files\Java\jdk-21;C:\ffmpeg\bin;C:\Program Files\NVIDIA GPU Computing Toolkit\CUDA\v12.3\bin;C:\Program Files\NVIDIA GPU Computing Toolkit\CUDA\v12.3\libnvvp;C:\Program Files\Common Files\Oracle\Java\javapath;C:\Program Files\Microsoft\jdk-11.0.12.7-hotspot\bin;C:\Program Files\NVIDIA GPU Computing Toolkit\CUDA\v11.7\bin;C:\Program Files\NVIDIA GPU Computing Toolkit\CUDA\v11.7\libnvvp;C:\ProgramData\Oracle\Java\javapath;C:\Windows\system32;C:\Windows;C:\Windows\System32\Wbem;C:\Windows\System32\WindowsPowerShell\v1.0\;C:\Windows\System32\OpenSSH\;C:\Program Files (x86)\NVIDIA Corporation\PhysX\Common;C:\Program Files\NVIDIA Corporation\NVIDIA NvDLISR;C:\Program Files\NVIDIA GPU Computing Toolkit\CUDA\v11.7\extras\CUPTI\lib64;C:\cuda\cudnn-windows-x86_64-8.5.0.96_cuda11-archive\bin;c:\altera\91sp2\quartus\bin;C:\Users\user\AppData\Local\Microsoft\WindowsApps;C:\Program Files (x86)\Mikero\DePboTools\bin;C:\adb;C:\Program Files\WorldPainter;C:\Program Files\IDM Computer Solutions\UltraEdit;d:\hdl\BIN;C:\;C:\Program Files\PuTTY\;C:\Program Files (x86)\Windows Kits\10\Windows Performance Toolkit\;C:\Program Files\Git LFS;C:\Program Files\Git\cmd;C:\Program Files\Cloudflare\Cloudflare WARP\;C:\Program Files\nodejs\;C:\ProgramData\chocolatey\bin;C:\Gradle\gradle-8.12\bin;C:\Users\user\AppData\Local\ValidatorBuddy;C:\Users\user\AppData\Local\Microsoft\WindowsApps;C:\Program Files (x86)\Mikero\DePboTools\bin;C:\Users\user\AppData\Local\Programs\Microsoft VS Code\bin;C:\Users\user\AppData\Local\GitHubDesktop\bin;C:\Program Files\JetBrains\IntelliJ IDEA 2024.3.3\bin;;C:\Users\user\AppData\Local\Programs\MiKTeX\miktex\bin\x64\;C:\Program Files\JetBrains\CLion 2023.2.2\bin;;C:\Program Files\WixToolset;C:\Program Files\Java\jdk-21;D:\IntelliJ IDEA Community Edition 2024.3.1.1\bin;;C:\Program Files\JetBrains\PyCharm Community Edition 2024.2.1\bin;;C:\Program Files (x86)\apache-maven-3.9.9\bin;C:\msys64;C:\Users\user\AppData\Local\Programs\Python\Python311\Scripts;C:\Users\user\Desktop\WebStorm 2024.3.1.1\bin;;C:\Users\user\AppData\Roaming\npm
USERNAME=user
OS=Windows_NT
PROCESSOR_IDENTIFIER=AMD64 Family 23 Model 96 Stepping 1, AuthenticAMD
TMP=C:\Users\user\AppData\Local\Temp
TEMP=C:\Users\user\AppData\Local\Temp




Periodic native trim disabled

---------------  S Y S T E M  ---------------

OS:
 Windows 10 , 64 bit Build 19041 (10.0.19041.1023)
OS uptime: 4 days 18:46 hours
Hyper-V role detected

CPU: total 12 (initial active 12) (12 cores per cpu, 2 threads per core) family 23 model 96 stepping 1 microcode 0x0, cx8, cmov, fxsr, ht, mmx, 3dnowpref, sse, sse2, sse3, ssse3, sse4a, sse4.1, sse4.2, popcnt, lzcnt, tsc, tscinvbit, avx, avx2, aes, clmul, bmi1, bmi2, adx, sha, fma, vzeroupper, clflush, clflushopt, hv, rdtscp, rdpid, f16c
Processor Information for all 12 processors :
  Max Mhz: 3000, Current Mhz: 3000, Mhz Limit: 3000

Memory: 4k page, system-wide physical 15741M (478M free)
TotalPageFile size 44330M (AvailPageFile size 15M)
current process WorkingSet (physical memory assigned to process): 65M, peak: 65M
current process commit charge ("private bytes"): 346M, peak: 346M

vm_info: OpenJDK 64-Bit Server VM (21.0.2+13-58) for windows-amd64 JRE (21.0.2+13-58), built on 2024-01-05T18:32:24Z by "mach5one" with MS VC++ 17.1 (VS2022)

END.
